2022-04-13 18:03:59 [scrapy.utils.log] INFO: Scrapy 2.6.1 started (bot: msrp)
2022-04-13 18:03:59 [scrapy.utils.log] INFO: Versions: lxml 4.8.0.0, libxml2 2.9.12, cssselect 1.1.0, parsel 1.6.0, w3lib 1.22.0, Twisted 22.4.0, Python 3.7.7 (default, Mar 10 2020, 15:43:33) - [Clang 11.0.0 (clang-1100.0.33.17)], pyOpenSSL 22.0.0 (OpenSSL 1.1.1n  15 Mar 2022), cryptography 36.0.2, Platform Darwin-21.4.0-x86_64-i386-64bit
2022-04-13 18:03:59 [scrapy.crawler] INFO: Overridden settings:
{'BOT_NAME': 'msrp',
 'LOG_FILE': '/Users/lcchai/Work/test/scrapyd/logs/msrp/aboutvintage/08046088bb1111ec9be838f9d32fcf5d.log',
 'NEWSPIDER_MODULE': 'msrp.spiders',
 'ROBOTSTXT_OBEY': True,
 'SPIDER_MODULES': ['msrp.spiders']}
2022-04-13 18:03:59 [scrapy.utils.log] DEBUG: Using reactor: twisted.internet.selectreactor.SelectReactor
2022-04-13 18:03:59 [scrapy.extensions.telnet] INFO: Telnet Password: 7be2528c32ddb0ea
2022-04-13 18:03:59 [scrapy.middleware] INFO: Enabled extensions:
['scrapy.extensions.corestats.CoreStats',
 'scrapy.extensions.telnet.TelnetConsole',
 'scrapy.extensions.memusage.MemoryUsage',
 'scrapy.extensions.logstats.LogStats']
2022-04-13 18:04:00 [twisted] CRITICAL: Unhandled error in Deferred:
2022-04-13 18:04:00 [twisted] CRITICAL: 
Traceback (most recent call last):
  File "/Users/lcchai/Work/py37/lib/python3.7/site-packages/twisted/internet/defer.py", line 1660, in _inlineCallbacks
    result = current_context.run(gen.send, result)
  File "/Users/lcchai/Work/py37/lib/python3.7/site-packages/scrapy/crawler.py", line 101, in crawl
    self.spider = self._create_spider(*args, **kwargs)
  File "/Users/lcchai/Work/py37/lib/python3.7/site-packages/scrapy/crawler.py", line 113, in _create_spider
    return self.spidercls.from_crawler(self, *args, **kwargs)
  File "/Users/lcchai/Work/py37/lib/python3.7/site-packages/scrapy/spiders/__init__.py", line 48, in from_crawler
    spider = cls(*args, **kwargs)
TypeError: __init__() got an unexpected keyword argument '_job'
